15-06-2022 12:20:26 - ======================================================
15-06-2022 12:20:26 - Form: fTarefa1
15-06-2022 12:20:26 - Caption: Tarefa 1
15-06-2022 12:20:26 - Classe: Exception
15-06-2022 12:20:26 - Erro: Object factory for class {3E9B315B-F456-4175-A864-B2573C4A2101} is missing. To register it, you can drop component [TFDPhysXXXDriverLink] into your project
15-06-2022 12:21:50 - ======================================================
15-06-2022 12:21:50 - Form: fTarefa1
15-06-2022 12:21:50 - Caption: Tarefa 1
15-06-2022 12:21:50 - Classe: Exception
15-06-2022 12:21:50 - Erro: Object factory for class {3E9B315B-F456-4175-A864-B2573C4A2101} is missing. To register it, you can drop component [TFDPhysXXXDriverLink] into your project
15-06-2022 12:31:04 - ======================================================
15-06-2022 12:31:04 - Form: fTarefa1
15-06-2022 12:31:04 - Caption: Tarefa 1
15-06-2022 12:31:04 - Classe: Exception
15-06-2022 12:31:04 - Erro: Object factory for class {3E9B315B-F456-4175-A864-B2573C4A2101} is missing. To register it, you can drop component [TFDPhysXXXDriverLink] into your project
15-06-2022 12:39:24 - ======================================================
15-06-2022 12:39:24 - Form: fTarefa1
15-06-2022 12:39:24 - Caption: Tarefa 1
15-06-2022 12:39:24 - Classe: Exception
15-06-2022 12:39:24 - Erro: Object factory for class {3E9B315B-F456-4175-A864-B2573C4A2101} is missing. To register it, you can drop component [TFDPhysXXXDriverLink] into your project
15-06-2022 12:48:13 - ======================================================
15-06-2022 12:48:13 - Form: fTarefa1
15-06-2022 12:48:13 - Caption: Tarefa 1
15-06-2022 12:48:13 - Classe: Exception
15-06-2022 12:48:13 - Erro: Object factory for class {3E9B315B-F456-4175-A864-B2573C4A2101} is missing. To register it, you can drop component [TFDPhysXXXDriverLink] into your project
15-06-2022 12:52:23 - ======================================================
15-06-2022 12:52:23 - Form: fTarefa1
15-06-2022 12:52:23 - Caption: Tarefa 1
15-06-2022 12:52:23 - Classe: Exception
15-06-2022 12:52:23 - Erro: Object factory for class {3E9B315B-F456-4175-A864-B2573C4A2101} is missing. To register it, you can drop component [TFDPhysXXXDriverLink] into your project
15-06-2022 12:58:58 - ======================================================
15-06-2022 12:58:58 - Form: fTarefa1
15-06-2022 12:58:58 - Caption: Tarefa 1
15-06-2022 12:58:58 - Classe: Exception
15-06-2022 12:58:58 - Erro: Object factory for class {3E9B315B-F456-4175-A864-B2573C4A2101} is missing. To register it, you can drop component [TFDPhysXXXDriverLink] into your project
